{"level":30,"time":1742896224242,"pid":97965,"hostname":"MacBook-Pro-de-Angela.local","msg":"📂 Carpeta de subida ya existe: uploads/"}
{"level":30,"time":1742896224247,"pid":97965,"hostname":"MacBook-Pro-de-Angela.local","msg":"🔑 JWT_SECRET cargado:"}
{"level":30,"time":1742896224250,"pid":97965,"hostname":"MacBook-Pro-de-Angela.local","msg":"📂 Serviendo archivos estáticos en: /Users/angelamartinez/Downloads/origin/uploads"}
{"level":30,"time":1742896224255,"pid":97965,"hostname":"MacBook-Pro-de-Angela.local","msg":"🚀 Servidor corriendo en: http://localhost:3000"}
{"level":30,"time":1742896224255,"pid":97965,"hostname":"MacBook-Pro-de-Angela.local","msg":"📂 Archivos disponibles en: http://localhost:3000/uploads/"}
{"level":30,"time":1742896225940,"pid":97965,"hostname":"MacBook-Pro-de-Angela.local","msg":"✅ Conectado a la base de datos"}
{"level":30,"time":1742896260123,"pid":97965,"hostname":"MacBook-Pro-de-Angela.local","msg":"::1 - - [25/Mar/2025:09:51:00 +0000] \"GET / HTTP/1.1\" 404 139 \"-\" \"Mozilla/5.0 (Macintosh; Intel Mac OS X 10_15_7) AppleWebKit/537.36 (KHTML, like Gecko) Chrome/133.0.0.0 Safari/537.36\""}
{"level":40,"time":1742896286398,"pid":97965,"hostname":"MacBook-Pro-de-Angela.local","msg":"❌ Acceso no autorizado desde ::1 - Motivo: Token inválido o expirado"}
{"level":30,"time":1742896286400,"pid":97965,"hostname":"MacBook-Pro-de-Angela.local","msg":"::1 - - [25/Mar/2025:09:51:26 +0000] \"GET /admin/users HTTP/1.1\" 403 41 \"http://localhost:5173/\" \"Mozilla/5.0 (Macintosh; Intel Mac OS X 10_15_7) AppleWebKit/605.1.15 (KHTML, like Gecko) Version/16.6 Safari/605.1.15\""}
{"level":40,"time":1742896303308,"pid":97965,"hostname":"MacBook-Pro-de-Angela.local","msg":"❌ Acceso no autorizado desde ::1 - Motivo: Token inválido o expirado"}
{"level":30,"time":1742896303309,"pid":97965,"hostname":"MacBook-Pro-de-Angela.local","msg":"::1 - - [25/Mar/2025:09:51:43 +0000] \"GET /admin/users HTTP/1.1\" 403 41 \"http://localhost:5173/\" \"Mozilla/5.0 (Macintosh; Intel Mac OS X 10_15_7) AppleWebKit/605.1.15 (KHTML, like Gecko) Version/16.6 Safari/605.1.15\""}
{"level":40,"time":1742896303311,"pid":97965,"hostname":"MacBook-Pro-de-Angela.local","msg":"❌ Acceso no autorizado desde ::1 - Motivo: Token inválido o expirado"}
{"level":30,"time":1742896303313,"pid":97965,"hostname":"MacBook-Pro-de-Angela.local","msg":"::1 - - [25/Mar/2025:09:51:43 +0000] \"GET /admin/users HTTP/1.1\" 403 41 \"http://localhost:5173/\" \"Mozilla/5.0 (Macintosh; Intel Mac OS X 10_15_7) AppleWebKit/605.1.15 (KHTML, like Gecko) Version/16.6 Safari/605.1.15\""}
{"level":40,"time":1742896304135,"pid":97965,"hostname":"MacBook-Pro-de-Angela.local","msg":"❌ Acceso no autorizado desde ::1 - Motivo: Token inválido o expirado"}
{"level":30,"time":1742896304136,"pid":97965,"hostname":"MacBook-Pro-de-Angela.local","msg":"::1 - - [25/Mar/2025:09:51:44 +0000] \"GET /admin/users HTTP/1.1\" 403 41 \"http://localhost:5173/\" \"Mozilla/5.0 (Macintosh; Intel Mac OS X 10_15_7) AppleWebKit/605.1.15 (KHTML, like Gecko) Version/16.6 Safari/605.1.15\""}
{"level":40,"time":1742896304137,"pid":97965,"hostname":"MacBook-Pro-de-Angela.local","msg":"❌ Acceso no autorizado desde ::1 - Motivo: Token inválido o expirado"}
{"level":30,"time":1742896304139,"pid":97965,"hostname":"MacBook-Pro-de-Angela.local","msg":"::1 - - [25/Mar/2025:09:51:44 +0000] \"GET /admin/users HTTP/1.1\" 403 41 \"http://localhost:5173/\" \"Mozilla/5.0 (Macintosh; Intel Mac OS X 10_15_7) AppleWebKit/605.1.15 (KHTML, like Gecko) Version/16.6 Safari/605.1.15\""}
{"level":40,"time":1742896324781,"pid":97965,"hostname":"MacBook-Pro-de-Angela.local","msg":"❌ Acceso no autorizado desde ::1 - Motivo: Token inválido o expirado"}
{"level":30,"time":1742896324781,"pid":97965,"hostname":"MacBook-Pro-de-Angela.local","msg":"::1 - - [25/Mar/2025:09:52:04 +0000] \"GET /admin/users HTTP/1.1\" 403 41 \"http://localhost:5173/\" \"Mozilla/5.0 (Macintosh; Intel Mac OS X 10_15_7) AppleWebKit/537.36 (KHTML, like Gecko) Chrome/133.0.0.0 Safari/537.36\""}
{"level":40,"time":1742896324784,"pid":97965,"hostname":"MacBook-Pro-de-Angela.local","msg":"❌ Acceso no autorizado desde ::1 - Motivo: Token inválido o expirado"}
{"level":30,"time":1742896324785,"pid":97965,"hostname":"MacBook-Pro-de-Angela.local","msg":"::1 - - [25/Mar/2025:09:52:04 +0000] \"GET /admin/users HTTP/1.1\" 403 41 \"http://localhost:5173/\" \"Mozilla/5.0 (Macintosh; Intel Mac OS X 10_15_7) AppleWebKit/537.36 (KHTML, like Gecko) Chrome/133.0.0.0 Safari/537.36\""}
{"level":30,"time":1742896491773,"pid":97965,"hostname":"MacBook-Pro-de-Angela.local","msg":"Inicio de sesión exitoso para angelamartinez3337@gmail.com"}
{"level":30,"time":1742896491774,"pid":97965,"hostname":"MacBook-Pro-de-Angela.local","msg":"::1 - - [25/Mar/2025:09:54:51 +0000] \"POST /auth/login HTTP/1.1\" 200 367 \"http://localhost:5173/\" \"Mozilla/5.0 (Macintosh; Intel Mac OS X 10_15_7) AppleWebKit/605.1.15 (KHTML, like Gecko) Version/16.6 Safari/605.1.15\""}
{"level":30,"time":1742896491797,"pid":97965,"hostname":"MacBook-Pro-de-Angela.local","msg":"✅ Acceso permitido para usuario angelamartinez3337@gmail.com con rol admin"}
{"level":30,"time":1742896491797,"pid":97965,"hostname":"MacBook-Pro-de-Angela.local","msg":"✅ Usuario angelamartinez3337@gmail.com con rol admin accedió correctamente"}
{"level":30,"time":1742896491910,"pid":97965,"hostname":"MacBook-Pro-de-Angela.local","msg":"Lista de usuarios obtenida correctamente"}
{"level":30,"time":1742896491911,"pid":97965,"hostname":"MacBook-Pro-de-Angela.local","msg":"::1 - - [25/Mar/2025:09:54:51 +0000] \"GET /admin/users HTTP/1.1\" 200 416 \"http://localhost:5173/\" \"Mozilla/5.0 (Macintosh; Intel Mac OS X 10_15_7) AppleWebKit/605.1.15 (KHTML, like Gecko) Version/16.6 Safari/605.1.15\""}
{"level":30,"time":1742896699478,"pid":97965,"hostname":"MacBook-Pro-de-Angela.local","msg":"::1 - - [25/Mar/2025:09:58:19 +0000] \"GET / HTTP/1.1\" 404 139 \"-\" \"Mozilla/5.0 (Macintosh; Intel Mac OS X 10_15_7) AppleWebKit/537.36 (KHTML, like Gecko) Chrome/133.0.0.0 Safari/537.36\""}
